[2020-03-01 17:50:22,423] {dag_processing.py:820} INFO - Processing files using up to 2 processes at a time 
[2020-03-01 17:50:22,423] {dag_processing.py:821} INFO - Process each file at most once every 0 seconds
[2020-03-01 17:50:22,424] {dag_processing.py:823} INFO - Checking for new files in /usr/local/airflow/dags every 300 seconds
[2020-03-01 17:50:22,424] {dag_processing.py:1286} INFO - Finding 'running' jobs without a recent heartbeat
[2020-03-01 17:50:22,424] {dag_processing.py:1290} INFO - Failing jobs without heartbeat after 2020-03-01 17:45:22.424896+00:00
[2020-03-01 17:50:32,448] {dag_processing.py:1286} INFO - Finding 'running' jobs without a recent heartbeat
[2020-03-01 17:50:32,448] {dag_processing.py:1290} INFO - Failing jobs without heartbeat after 2020-03-01 17:45:32.448631+00:00
[2020-03-01 17:50:42,486] {dag_processing.py:1286} INFO - Finding 'running' jobs without a recent heartbeat
[2020-03-01 17:50:42,486] {dag_processing.py:1290} INFO - Failing jobs without heartbeat after 2020-03-01 17:45:42.486832+00:00
[2020-03-01 17:50:52,524] {dag_processing.py:1286} INFO - Finding 'running' jobs without a recent heartbeat
[2020-03-01 17:50:52,524] {dag_processing.py:1290} INFO - Failing jobs without heartbeat after 2020-03-01 17:45:52.524488+00:00
[2020-03-01 17:51:02,563] {dag_processing.py:1286} INFO - Finding 'running' jobs without a recent heartbeat
[2020-03-01 17:51:02,564] {dag_processing.py:1290} INFO - Failing jobs without heartbeat after 2020-03-01 17:46:02.564507+00:00
[2020-03-01 17:51:12,599] {dag_processing.py:1286} INFO - Finding 'running' jobs without a recent heartbeat
[2020-03-01 17:51:12,600] {dag_processing.py:1290} INFO - Failing jobs without heartbeat after 2020-03-01 17:46:12.600035+00:00
[2020-03-01 17:51:22,638] {dag_processing.py:1286} INFO - Finding 'running' jobs without a recent heartbeat
[2020-03-01 17:51:22,638] {dag_processing.py:1290} INFO - Failing jobs without heartbeat after 2020-03-01 17:46:22.638873+00:00
[2020-03-01 17:51:32,673] {dag_processing.py:1286} INFO - Finding 'running' jobs without a recent heartbeat
[2020-03-01 17:51:32,673] {dag_processing.py:1290} INFO - Failing jobs without heartbeat after 2020-03-01 17:46:32.673962+00:00
[2020-03-01 17:51:42,702] {dag_processing.py:1286} INFO - Finding 'running' jobs without a recent heartbeat
[2020-03-01 17:51:42,703] {dag_processing.py:1290} INFO - Failing jobs without heartbeat after 2020-03-01 17:46:42.703285+00:00
[2020-03-01 17:51:52,740] {dag_processing.py:1286} INFO - Finding 'running' jobs without a recent heartbeat
[2020-03-01 17:51:52,740] {dag_processing.py:1290} INFO - Failing jobs without heartbeat after 2020-03-01 17:46:52.740469+00:00
[2020-03-01 17:52:02,777] {dag_processing.py:1286} INFO - Finding 'running' jobs without a recent heartbeat
[2020-03-01 17:52:02,777] {dag_processing.py:1290} INFO - Failing jobs without heartbeat after 2020-03-01 17:47:02.777889+00:00
[2020-03-01 17:52:12,814] {dag_processing.py:1286} INFO - Finding 'running' jobs without a recent heartbeat
[2020-03-01 17:52:12,815] {dag_processing.py:1290} INFO - Failing jobs without heartbeat after 2020-03-01 17:47:12.815330+00:00
[2020-03-01 17:52:22,852] {dag_processing.py:1286} INFO - Finding 'running' jobs without a recent heartbeat
[2020-03-01 17:52:22,852] {dag_processing.py:1290} INFO - Failing jobs without heartbeat after 2020-03-01 17:47:22.852431+00:00
[2020-03-01 17:52:32,889] {dag_processing.py:1286} INFO - Finding 'running' jobs without a recent heartbeat
[2020-03-01 17:52:32,890] {dag_processing.py:1290} INFO - Failing jobs without heartbeat after 2020-03-01 17:47:32.890348+00:00
[2020-03-01 17:52:42,927] {dag_processing.py:1286} INFO - Finding 'running' jobs without a recent heartbeat
[2020-03-01 17:52:42,927] {dag_processing.py:1290} INFO - Failing jobs without heartbeat after 2020-03-01 17:47:42.927519+00:00
[2020-03-01 17:52:52,963] {dag_processing.py:1286} INFO - Finding 'running' jobs without a recent heartbeat
[2020-03-01 17:52:52,964] {dag_processing.py:1290} INFO - Failing jobs without heartbeat after 2020-03-01 17:47:52.964072+00:00
[2020-03-01 17:53:03,000] {dag_processing.py:1286} INFO - Finding 'running' jobs without a recent heartbeat
[2020-03-01 17:53:03,001] {dag_processing.py:1290} INFO - Failing jobs without heartbeat after 2020-03-01 17:48:03.001193+00:00
[2020-03-01 17:53:13,042] {dag_processing.py:1286} INFO - Finding 'running' jobs without a recent heartbeat
[2020-03-01 17:53:13,043] {dag_processing.py:1290} INFO - Failing jobs without heartbeat after 2020-03-01 17:48:13.043250+00:00
[2020-03-01 17:53:23,077] {dag_processing.py:1286} INFO - Finding 'running' jobs without a recent heartbeat
[2020-03-01 17:53:23,077] {dag_processing.py:1290} INFO - Failing jobs without heartbeat after 2020-03-01 17:48:23.077896+00:00
[2020-03-01 17:53:33,113] {dag_processing.py:1286} INFO - Finding 'running' jobs without a recent heartbeat
[2020-03-01 17:53:33,113] {dag_processing.py:1290} INFO - Failing jobs without heartbeat after 2020-03-01 17:48:33.113586+00:00
[2020-03-01 17:53:43,149] {dag_processing.py:1286} INFO - Finding 'running' jobs without a recent heartbeat
[2020-03-01 17:53:43,149] {dag_processing.py:1290} INFO - Failing jobs without heartbeat after 2020-03-01 17:48:43.149797+00:00
[2020-03-01 17:53:53,185] {dag_processing.py:1286} INFO - Finding 'running' jobs without a recent heartbeat
[2020-03-01 17:53:53,185] {dag_processing.py:1290} INFO - Failing jobs without heartbeat after 2020-03-01 17:48:53.185926+00:00
[2020-03-01 17:54:03,213] {dag_processing.py:1286} INFO - Finding 'running' jobs without a recent heartbeat
[2020-03-01 17:54:03,214] {dag_processing.py:1290} INFO - Failing jobs without heartbeat after 2020-03-01 17:49:03.214226+00:00
[2020-03-01 17:54:13,250] {dag_processing.py:1286} INFO - Finding 'running' jobs without a recent heartbeat
[2020-03-01 17:54:13,251] {dag_processing.py:1290} INFO - Failing jobs without heartbeat after 2020-03-01 17:49:13.251062+00:00
[2020-03-01 17:54:23,285] {dag_processing.py:1286} INFO - Finding 'running' jobs without a recent heartbeat
[2020-03-01 17:54:23,286] {dag_processing.py:1290} INFO - Failing jobs without heartbeat after 2020-03-01 17:49:23.286362+00:00
[2020-03-01 17:54:33,321] {dag_processing.py:1286} INFO - Finding 'running' jobs without a recent heartbeat
[2020-03-01 17:54:33,322] {dag_processing.py:1290} INFO - Failing jobs without heartbeat after 2020-03-01 17:49:33.322414+00:00
[2020-03-01 17:54:43,358] {dag_processing.py:1286} INFO - Finding 'running' jobs without a recent heartbeat
[2020-03-01 17:54:43,358] {dag_processing.py:1290} INFO - Failing jobs without heartbeat after 2020-03-01 17:49:43.358721+00:00
[2020-03-01 17:54:53,394] {dag_processing.py:1286} INFO - Finding 'running' jobs without a recent heartbeat
[2020-03-01 17:54:53,394] {dag_processing.py:1290} INFO - Failing jobs without heartbeat after 2020-03-01 17:49:53.394361+00:00
[2020-03-01 17:55:03,431] {dag_processing.py:1286} INFO - Finding 'running' jobs without a recent heartbeat
[2020-03-01 17:55:03,432] {dag_processing.py:1290} INFO - Failing jobs without heartbeat after 2020-03-01 17:50:03.432181+00:00
[2020-03-01 17:55:13,467] {dag_processing.py:1286} INFO - Finding 'running' jobs without a recent heartbeat
[2020-03-01 17:55:13,468] {dag_processing.py:1290} INFO - Failing jobs without heartbeat after 2020-03-01 17:50:13.468189+00:00
[2020-03-01 17:55:22,491] {dag_processing.py:910} INFO - Searching for files in /usr/local/airflow/dags
[2020-03-01 17:55:22,492] {dag_processing.py:913} INFO - There are 0 files in /usr/local/airflow/dags
[2020-03-01 17:55:23,495] {dag_processing.py:1286} INFO - Finding 'running' jobs without a recent heartbeat
[2020-03-01 17:55:23,496] {dag_processing.py:1290} INFO - Failing jobs without heartbeat after 2020-03-01 17:50:23.496012+00:00
[2020-03-01 17:55:33,523] {dag_processing.py:1286} INFO - Finding 'running' jobs without a recent heartbeat
[2020-03-01 17:55:33,523] {dag_processing.py:1290} INFO - Failing jobs without heartbeat after 2020-03-01 17:50:33.523458+00:00
[2020-03-01 17:55:43,561] {dag_processing.py:1286} INFO - Finding 'running' jobs without a recent heartbeat
[2020-03-01 17:55:43,562] {dag_processing.py:1290} INFO - Failing jobs without heartbeat after 2020-03-01 17:50:43.562146+00:00
[2020-03-01 17:55:53,599] {dag_processing.py:1286} INFO - Finding 'running' jobs without a recent heartbeat
[2020-03-01 17:55:53,599] {dag_processing.py:1290} INFO - Failing jobs without heartbeat after 2020-03-01 17:50:53.599779+00:00
[2020-03-01 17:56:03,629] {dag_processing.py:1286} INFO - Finding 'running' jobs without a recent heartbeat
[2020-03-01 17:56:03,630] {dag_processing.py:1290} INFO - Failing jobs without heartbeat after 2020-03-01 17:51:03.630187+00:00
[2020-03-01 17:56:13,669] {dag_processing.py:1286} INFO - Finding 'running' jobs without a recent heartbeat
[2020-03-01 17:56:13,670] {dag_processing.py:1290} INFO - Failing jobs without heartbeat after 2020-03-01 17:51:13.670263+00:00
[2020-03-01 17:56:23,708] {dag_processing.py:1286} INFO - Finding 'running' jobs without a recent heartbeat
[2020-03-01 17:56:23,708] {dag_processing.py:1290} INFO - Failing jobs without heartbeat after 2020-03-01 17:51:23.708764+00:00
[2020-03-01 17:56:33,749] {dag_processing.py:1286} INFO - Finding 'running' jobs without a recent heartbeat
[2020-03-01 17:56:33,749] {dag_processing.py:1290} INFO - Failing jobs without heartbeat after 2020-03-01 17:51:33.749801+00:00
[2020-03-01 17:56:43,781] {dag_processing.py:1286} INFO - Finding 'running' jobs without a recent heartbeat
[2020-03-01 17:56:43,781] {dag_processing.py:1290} INFO - Failing jobs without heartbeat after 2020-03-01 17:51:43.781637+00:00
[2020-03-01 17:56:53,817] {dag_processing.py:1286} INFO - Finding 'running' jobs without a recent heartbeat
[2020-03-01 17:56:53,817] {dag_processing.py:1290} INFO - Failing jobs without heartbeat after 2020-03-01 17:51:53.817868+00:00
[2020-03-01 17:57:03,854] {dag_processing.py:1286} INFO - Finding 'running' jobs without a recent heartbeat
[2020-03-01 17:57:03,854] {dag_processing.py:1290} INFO - Failing jobs without heartbeat after 2020-03-01 17:52:03.854580+00:00
[2020-03-01 17:57:13,882] {dag_processing.py:1286} INFO - Finding 'running' jobs without a recent heartbeat
[2020-03-01 17:57:13,882] {dag_processing.py:1290} INFO - Failing jobs without heartbeat after 2020-03-01 17:52:13.882615+00:00
[2020-03-01 17:57:23,909] {dag_processing.py:1286} INFO - Finding 'running' jobs without a recent heartbeat
[2020-03-01 17:57:23,910] {dag_processing.py:1290} INFO - Failing jobs without heartbeat after 2020-03-01 17:52:23.910002+00:00
[2020-03-01 17:57:33,937] {dag_processing.py:1286} INFO - Finding 'running' jobs without a recent heartbeat
[2020-03-01 17:57:33,938] {dag_processing.py:1290} INFO - Failing jobs without heartbeat after 2020-03-01 17:52:33.937984+00:00
[2020-03-01 17:57:43,976] {dag_processing.py:1286} INFO - Finding 'running' jobs without a recent heartbeat
[2020-03-01 17:57:43,976] {dag_processing.py:1290} INFO - Failing jobs without heartbeat after 2020-03-01 17:52:43.976546+00:00
[2020-03-01 17:57:54,013] {dag_processing.py:1286} INFO - Finding 'running' jobs without a recent heartbeat
[2020-03-01 17:57:54,014] {dag_processing.py:1290} INFO - Failing jobs without heartbeat after 2020-03-01 17:52:54.014270+00:00
[2020-03-01 17:58:04,053] {dag_processing.py:1286} INFO - Finding 'running' jobs without a recent heartbeat
[2020-03-01 17:58:04,054] {dag_processing.py:1290} INFO - Failing jobs without heartbeat after 2020-03-01 17:53:04.053976+00:00
[2020-03-01 17:58:14,093] {dag_processing.py:1286} INFO - Finding 'running' jobs without a recent heartbeat
[2020-03-01 17:58:14,093] {dag_processing.py:1290} INFO - Failing jobs without heartbeat after 2020-03-01 17:53:14.093672+00:00
[2020-03-01 17:58:24,130] {dag_processing.py:1286} INFO - Finding 'running' jobs without a recent heartbeat
[2020-03-01 17:58:24,130] {dag_processing.py:1290} INFO - Failing jobs without heartbeat after 2020-03-01 17:53:24.130909+00:00
[2020-03-01 17:58:34,167] {dag_processing.py:1286} INFO - Finding 'running' jobs without a recent heartbeat
[2020-03-01 17:58:34,168] {dag_processing.py:1290} INFO - Failing jobs without heartbeat after 2020-03-01 17:53:34.168325+00:00
[2020-03-01 17:58:44,203] {dag_processing.py:1286} INFO - Finding 'running' jobs without a recent heartbeat
[2020-03-01 17:58:44,204] {dag_processing.py:1290} INFO - Failing jobs without heartbeat after 2020-03-01 17:53:44.204055+00:00
[2020-03-01 17:58:54,242] {dag_processing.py:1286} INFO - Finding 'running' jobs without a recent heartbeat
[2020-03-01 17:58:54,243] {dag_processing.py:1290} INFO - Failing jobs without heartbeat after 2020-03-01 17:53:54.243246+00:00
[2020-03-01 17:59:04,278] {dag_processing.py:1286} INFO - Finding 'running' jobs without a recent heartbeat
[2020-03-01 17:59:04,279] {dag_processing.py:1290} INFO - Failing jobs without heartbeat after 2020-03-01 17:54:04.279339+00:00
[2020-03-01 17:59:14,314] {dag_processing.py:1286} INFO - Finding 'running' jobs without a recent heartbeat
[2020-03-01 17:59:14,315] {dag_processing.py:1290} INFO - Failing jobs without heartbeat after 2020-03-01 17:54:14.315347+00:00
[2020-03-01 17:59:24,352] {dag_processing.py:1286} INFO - Finding 'running' jobs without a recent heartbeat
[2020-03-01 17:59:24,352] {dag_processing.py:1290} INFO - Failing jobs without heartbeat after 2020-03-01 17:54:24.352542+00:00
[2020-03-01 17:59:34,387] {dag_processing.py:1286} INFO - Finding 'running' jobs without a recent heartbeat
[2020-03-01 17:59:34,387] {dag_processing.py:1290} INFO - Failing jobs without heartbeat after 2020-03-01 17:54:34.387291+00:00
[2020-03-01 17:59:44,418] {dag_processing.py:1286} INFO - Finding 'running' jobs without a recent heartbeat
[2020-03-01 17:59:44,418] {dag_processing.py:1290} INFO - Failing jobs without heartbeat after 2020-03-01 17:54:44.418535+00:00
[2020-03-01 17:59:54,456] {dag_processing.py:1286} INFO - Finding 'running' jobs without a recent heartbeat
[2020-03-01 17:59:54,456] {dag_processing.py:1290} INFO - Failing jobs without heartbeat after 2020-03-01 17:54:54.456505+00:00
[2020-03-01 18:00:04,489] {dag_processing.py:1286} INFO - Finding 'running' jobs without a recent heartbeat
[2020-03-01 18:00:04,490] {dag_processing.py:1290} INFO - Failing jobs without heartbeat after 2020-03-01 17:55:04.489962+00:00
[2020-03-01 18:00:14,526] {dag_processing.py:1286} INFO - Finding 'running' jobs without a recent heartbeat
[2020-03-01 18:00:14,527] {dag_processing.py:1290} INFO - Failing jobs without heartbeat after 2020-03-01 17:55:14.527149+00:00
[2020-03-01 18:00:22,553] {dag_processing.py:910} INFO - Searching for files in /usr/local/airflow/dags
[2020-03-01 18:00:22,554] {dag_processing.py:913} INFO - There are 0 files in /usr/local/airflow/dags
[2020-03-01 18:00:24,564] {dag_processing.py:1286} INFO - Finding 'running' jobs without a recent heartbeat
[2020-03-01 18:00:24,564] {dag_processing.py:1290} INFO - Failing jobs without heartbeat after 2020-03-01 17:55:24.564497+00:00
[2020-03-01 18:00:34,604] {dag_processing.py:1286} INFO - Finding 'running' jobs without a recent heartbeat
[2020-03-01 18:00:34,605] {dag_processing.py:1290} INFO - Failing jobs without heartbeat after 2020-03-01 17:55:34.605395+00:00
[2020-03-01 18:00:44,644] {dag_processing.py:1286} INFO - Finding 'running' jobs without a recent heartbeat
[2020-03-01 18:00:44,644] {dag_processing.py:1290} INFO - Failing jobs without heartbeat after 2020-03-01 17:55:44.644711+00:00
[2020-03-01 18:00:54,689] {dag_processing.py:1286} INFO - Finding 'running' jobs without a recent heartbeat
[2020-03-01 18:00:54,689] {dag_processing.py:1290} INFO - Failing jobs without heartbeat after 2020-03-01 17:55:54.689639+00:00
[2020-03-01 18:01:04,728] {dag_processing.py:1286} INFO - Finding 'running' jobs without a recent heartbeat
[2020-03-01 18:01:04,728] {dag_processing.py:1290} INFO - Failing jobs without heartbeat after 2020-03-01 17:56:04.728602+00:00
[2020-03-01 18:01:14,768] {dag_processing.py:1286} INFO - Finding 'running' jobs without a recent heartbeat
[2020-03-01 18:01:14,768] {dag_processing.py:1290} INFO - Failing jobs without heartbeat after 2020-03-01 17:56:14.768557+00:00
[2020-03-01 18:01:19,582] {dag_processing.py:806} INFO - Exiting gracefully upon receiving signal 15
[2020-03-01 18:52:43,810] {dag_processing.py:820} INFO - Processing files using up to 2 processes at a time 
[2020-03-01 18:52:43,811] {dag_processing.py:821} INFO - Process each file at most once every 0 seconds
[2020-03-01 18:52:43,811] {dag_processing.py:823} INFO - Checking for new files in /usr/local/airflow/dags every 300 seconds
[2020-03-01 18:52:43,812] {dag_processing.py:1286} INFO - Finding 'running' jobs without a recent heartbeat
[2020-03-01 18:52:43,812] {dag_processing.py:1290} INFO - Failing jobs without heartbeat after 2020-03-01 18:47:43.812934+00:00
[2020-03-01 18:52:53,837] {dag_processing.py:1286} INFO - Finding 'running' jobs without a recent heartbeat
[2020-03-01 18:52:53,837] {dag_processing.py:1290} INFO - Failing jobs without heartbeat after 2020-03-01 18:47:53.837551+00:00
[2020-03-01 18:53:03,873] {dag_processing.py:1286} INFO - Finding 'running' jobs without a recent heartbeat
[2020-03-01 18:53:03,873] {dag_processing.py:1290} INFO - Failing jobs without heartbeat after 2020-03-01 18:48:03.873822+00:00
[2020-03-01 18:53:13,912] {dag_processing.py:1286} INFO - Finding 'running' jobs without a recent heartbeat
[2020-03-01 18:53:13,913] {dag_processing.py:1290} INFO - Failing jobs without heartbeat after 2020-03-01 18:48:13.913386+00:00
[2020-03-01 18:53:23,952] {dag_processing.py:1286} INFO - Finding 'running' jobs without a recent heartbeat
[2020-03-01 18:53:23,952] {dag_processing.py:1290} INFO - Failing jobs without heartbeat after 2020-03-01 18:48:23.952767+00:00
[2020-03-01 18:53:33,990] {dag_processing.py:1286} INFO - Finding 'running' jobs without a recent heartbeat
[2020-03-01 18:53:33,991] {dag_processing.py:1290} INFO - Failing jobs without heartbeat after 2020-03-01 18:48:33.991501+00:00
[2020-03-01 18:53:44,032] {dag_processing.py:1286} INFO - Finding 'running' jobs without a recent heartbeat
[2020-03-01 18:53:44,032] {dag_processing.py:1290} INFO - Failing jobs without heartbeat after 2020-03-01 18:48:44.032571+00:00
[2020-03-01 18:53:54,067] {dag_processing.py:1286} INFO - Finding 'running' jobs without a recent heartbeat
[2020-03-01 18:53:54,067] {dag_processing.py:1290} INFO - Failing jobs without heartbeat after 2020-03-01 18:48:54.067563+00:00
[2020-03-01 18:54:04,104] {dag_processing.py:1286} INFO - Finding 'running' jobs without a recent heartbeat
[2020-03-01 18:54:04,105] {dag_processing.py:1290} INFO - Failing jobs without heartbeat after 2020-03-01 18:49:04.105044+00:00
[2020-03-01 18:54:14,142] {dag_processing.py:1286} INFO - Finding 'running' jobs without a recent heartbeat
[2020-03-01 18:54:14,142] {dag_processing.py:1290} INFO - Failing jobs without heartbeat after 2020-03-01 18:49:14.142689+00:00
[2020-03-01 18:54:24,180] {dag_processing.py:1286} INFO - Finding 'running' jobs without a recent heartbeat
[2020-03-01 18:54:24,180] {dag_processing.py:1290} INFO - Failing jobs without heartbeat after 2020-03-01 18:49:24.180646+00:00
[2020-03-01 18:54:34,220] {dag_processing.py:1286} INFO - Finding 'running' jobs without a recent heartbeat
[2020-03-01 18:54:34,220] {dag_processing.py:1290} INFO - Failing jobs without heartbeat after 2020-03-01 18:49:34.220485+00:00
[2020-03-01 18:54:44,258] {dag_processing.py:1286} INFO - Finding 'running' jobs without a recent heartbeat
[2020-03-01 18:54:44,259] {dag_processing.py:1290} INFO - Failing jobs without heartbeat after 2020-03-01 18:49:44.259542+00:00
[2020-03-01 18:54:54,305] {dag_processing.py:1286} INFO - Finding 'running' jobs without a recent heartbeat
[2020-03-01 18:54:54,305] {dag_processing.py:1290} INFO - Failing jobs without heartbeat after 2020-03-01 18:49:54.305830+00:00
[2020-03-01 18:55:04,344] {dag_processing.py:1286} INFO - Finding 'running' jobs without a recent heartbeat
[2020-03-01 18:55:04,344] {dag_processing.py:1290} INFO - Failing jobs without heartbeat after 2020-03-01 18:50:04.344410+00:00
[2020-03-01 18:55:14,384] {dag_processing.py:1286} INFO - Finding 'running' jobs without a recent heartbeat
[2020-03-01 18:55:14,384] {dag_processing.py:1290} INFO - Failing jobs without heartbeat after 2020-03-01 18:50:14.384497+00:00
[2020-03-01 18:55:24,423] {dag_processing.py:1286} INFO - Finding 'running' jobs without a recent heartbeat
[2020-03-01 18:55:24,424] {dag_processing.py:1290} INFO - Failing jobs without heartbeat after 2020-03-01 18:50:24.424002+00:00
[2020-03-01 18:55:34,462] {dag_processing.py:1286} INFO - Finding 'running' jobs without a recent heartbeat
[2020-03-01 18:55:34,463] {dag_processing.py:1290} INFO - Failing jobs without heartbeat after 2020-03-01 18:50:34.462938+00:00
[2020-03-01 18:55:44,506] {dag_processing.py:1286} INFO - Finding 'running' jobs without a recent heartbeat
[2020-03-01 18:55:44,507] {dag_processing.py:1290} INFO - Failing jobs without heartbeat after 2020-03-01 18:50:44.507271+00:00
[2020-03-01 18:55:54,544] {dag_processing.py:1286} INFO - Finding 'running' jobs without a recent heartbeat
[2020-03-01 18:55:54,544] {dag_processing.py:1290} INFO - Failing jobs without heartbeat after 2020-03-01 18:50:54.544571+00:00
[2020-03-01 18:56:04,583] {dag_processing.py:1286} INFO - Finding 'running' jobs without a recent heartbeat
[2020-03-01 18:56:04,583] {dag_processing.py:1290} INFO - Failing jobs without heartbeat after 2020-03-01 18:51:04.583632+00:00
[2020-03-01 18:56:14,620] {dag_processing.py:1286} INFO - Finding 'running' jobs without a recent heartbeat
[2020-03-01 18:56:14,620] {dag_processing.py:1290} INFO - Failing jobs without heartbeat after 2020-03-01 18:51:14.620575+00:00
[2020-03-01 18:56:24,659] {dag_processing.py:1286} INFO - Finding 'running' jobs without a recent heartbeat
[2020-03-01 18:56:24,659] {dag_processing.py:1290} INFO - Failing jobs without heartbeat after 2020-03-01 18:51:24.659787+00:00
[2020-03-01 18:56:34,700] {dag_processing.py:1286} INFO - Finding 'running' jobs without a recent heartbeat
[2020-03-01 18:56:34,700] {dag_processing.py:1290} INFO - Failing jobs without heartbeat after 2020-03-01 18:51:34.700577+00:00
[2020-03-01 18:56:44,738] {dag_processing.py:1286} INFO - Finding 'running' jobs without a recent heartbeat
[2020-03-01 18:56:44,738] {dag_processing.py:1290} INFO - Failing jobs without heartbeat after 2020-03-01 18:51:44.738510+00:00
[2020-03-01 18:56:54,778] {dag_processing.py:1286} INFO - Finding 'running' jobs without a recent heartbeat
[2020-03-01 18:56:54,779] {dag_processing.py:1290} INFO - Failing jobs without heartbeat after 2020-03-01 18:51:54.779355+00:00
[2020-03-01 18:57:04,817] {dag_processing.py:1286} INFO - Finding 'running' jobs without a recent heartbeat
[2020-03-01 18:57:04,818] {dag_processing.py:1290} INFO - Failing jobs without heartbeat after 2020-03-01 18:52:04.818189+00:00
[2020-03-01 18:57:14,857] {dag_processing.py:1286} INFO - Finding 'running' jobs without a recent heartbeat
[2020-03-01 18:57:14,858] {dag_processing.py:1290} INFO - Failing jobs without heartbeat after 2020-03-01 18:52:14.858231+00:00
[2020-03-01 18:57:24,895] {dag_processing.py:1286} INFO - Finding 'running' jobs without a recent heartbeat
[2020-03-01 18:57:24,896] {dag_processing.py:1290} INFO - Failing jobs without heartbeat after 2020-03-01 18:52:24.896273+00:00
[2020-03-01 18:57:34,929] {dag_processing.py:1286} INFO - Finding 'running' jobs without a recent heartbeat
[2020-03-01 18:57:34,929] {dag_processing.py:1290} INFO - Failing jobs without heartbeat after 2020-03-01 18:52:34.929536+00:00
[2020-03-01 18:57:43,958] {dag_processing.py:910} INFO - Searching for files in /usr/local/airflow/dags
[2020-03-01 18:57:43,959] {dag_processing.py:913} INFO - There are 0 files in /usr/local/airflow/dags
[2020-03-01 18:57:44,972] {dag_processing.py:1286} INFO - Finding 'running' jobs without a recent heartbeat
[2020-03-01 18:57:44,972] {dag_processing.py:1290} INFO - Failing jobs without heartbeat after 2020-03-01 18:52:44.972780+00:00
[2020-03-01 18:57:55,003] {dag_processing.py:1286} INFO - Finding 'running' jobs without a recent heartbeat
[2020-03-01 18:57:55,004] {dag_processing.py:1290} INFO - Failing jobs without heartbeat after 2020-03-01 18:52:55.004024+00:00
[2020-03-01 18:58:05,040] {dag_processing.py:1286} INFO - Finding 'running' jobs without a recent heartbeat
[2020-03-01 18:58:05,041] {dag_processing.py:1290} INFO - Failing jobs without heartbeat after 2020-03-01 18:53:05.041290+00:00
[2020-03-01 18:58:15,078] {dag_processing.py:1286} INFO - Finding 'running' jobs without a recent heartbeat
[2020-03-01 18:58:15,079] {dag_processing.py:1290} INFO - Failing jobs without heartbeat after 2020-03-01 18:53:15.079221+00:00
[2020-03-01 18:58:25,112] {dag_processing.py:1286} INFO - Finding 'running' jobs without a recent heartbeat
[2020-03-01 18:58:25,112] {dag_processing.py:1290} INFO - Failing jobs without heartbeat after 2020-03-01 18:53:25.112475+00:00
[2020-03-01 18:58:35,151] {dag_processing.py:1286} INFO - Finding 'running' jobs without a recent heartbeat
[2020-03-01 18:58:35,151] {dag_processing.py:1290} INFO - Failing jobs without heartbeat after 2020-03-01 18:53:35.151820+00:00
[2020-03-01 18:58:45,188] {dag_processing.py:1286} INFO - Finding 'running' jobs without a recent heartbeat
[2020-03-01 18:58:45,188] {dag_processing.py:1290} INFO - Failing jobs without heartbeat after 2020-03-01 18:53:45.188678+00:00
